2022-11-11T16:57:12.718782Z [rsession-r1755190] DEBUG Starting R session with LD_LIBRARY_PATH: /opt/R/4.2.2/lib/R/lib:/lib:/usr/local/lib:/usr/lib/x86_64-linux-gnu:/usr/lib/jvm/java-11-openjdk-amd64/lib/server
2022-11-11T16:57:12.719115Z [rsession-r1755190] INFO Reading rsession configuration from '/etc/rstudio/rsession.conf'
2022-11-11T16:57:12.720223Z [rsession-r1755190] DEBUG (PID 248): Initialized file locks (lock-type=linkbased, use-symlinks=false, timeout-interval=30s, refresh-rate=20s, log-file=)
2022-11-11T16:57:12.796718Z [rsession-r1755190] DEBUG Initializing local stream listener for : /var/run/rstudio-server/rstudio-rsession/r1755190-d limited to UID: 999
2022-11-11T16:57:12.797022Z [rsession-r1755190] INFO Set CRAN URL for session to 'https://cran.rstudio.com/' (source: preference defaults)
2022-11-11T16:57:12.969333Z [rsession-r1755190] DEBUG (PID 248): Acquired lock: /cloud/project/.Rproj.user/D4BF0CBA/sources/session-e9c2325f/lock_file
2022-11-11T16:57:13.164238Z [rsession-r1755190] DEBUG OfflineService started with session-async-rpc-timeout-ms=200 handle-offline-timeout-ms=0 polling every: 200ms
2022-11-11T16:57:13.169875Z [rsession-r1755190] DEBUG Beginning session: e9c2325f with activityState: running for username: r1755190 effective uid: 1820726
2022-11-11T16:57:13.199356Z [rsession-r1755190] INFO No admin notifications found at /etc/rstudio/notifications.conf
2022-11-11T16:57:13.532343Z [rsession-r1755190] INFO No keybindings/addins.json found at /etc/rstudio/keybindings/addins.json
2022-11-11T16:57:13.541594Z [rsession-r1755190] INFO No keybindings/rstudio_bindings.json found at /etc/rstudio/keybindings/rstudio_bindings.json
2022-11-11T16:57:13.542415Z [rsession-r1755190] INFO No keybindings/editor_bindings.json found at /etc/rstudio/keybindings/editor_bindings.json
2022-11-11T16:57:13.664794Z [rsession-r1755190] DEBUG fatal: not a git repository (or any parent up to mount point /)|||Stopping at filesystem boundary (GIT_DISCOVERY_ACROSS_FILESYSTEM not set).
2022-11-11T16:57:13.669507Z [rsession-r1755190] DEBUG fatal: not a git repository (or any parent up to mount point /)|||Stopping at filesystem boundary (GIT_DISCOVERY_ACROSS_FILESYSTEM not set).
2022-11-11T16:57:32.796894Z [rsession-r1755190] DEBUG (PID 248): Bumping write time: /cloud/project/.Rproj.user/D4BF0CBA/sources/session-e9c2325f/lock_file
2022-11-11T16:57:52.796899Z [rsession-r1755190] DEBUG (PID 248): Bumping write time: /cloud/project/.Rproj.user/D4BF0CBA/sources/session-e9c2325f/lock_file
2022-11-11T16:58:12.796895Z [rsession-r1755190] DEBUG (PID 248): Bumping write time: /cloud/project/.Rproj.user/D4BF0CBA/sources/session-e9c2325f/lock_file
2022-11-11T16:58:32.796893Z [rsession-r1755190] DEBUG (PID 248): Bumping write time: /cloud/project/.Rproj.user/D4BF0CBA/sources/session-e9c2325f/lock_file
2022-11-11T16:58:52.796898Z [rsession-r1755190] DEBUG (PID 248): Bumping write time: /cloud/project/.Rproj.user/D4BF0CBA/sources/session-e9c2325f/lock_file
2022-11-11T16:59:12.796894Z [rsession-r1755190] DEBUG (PID 248): Bumping write time: /cloud/project/.Rproj.user/D4BF0CBA/sources/session-e9c2325f/lock_file
2022-11-11T16:59:32.796894Z [rsession-r1755190] DEBUG (PID 248): Bumping write time: /cloud/project/.Rproj.user/D4BF0CBA/sources/session-e9c2325f/lock_file
2022-11-11T16:59:52.796905Z [rsession-r1755190] DEBUG (PID 248): Bumping write time: /cloud/project/.Rproj.user/D4BF0CBA/sources/session-e9c2325f/lock_file
2022-11-11T17:00:12.796893Z [rsession-r1755190] DEBUG (PID 248): Bumping write time: /cloud/project/.Rproj.user/D4BF0CBA/sources/session-e9c2325f/lock_file
2022-11-11T17:00:32.796890Z [rsession-r1755190] DEBUG (PID 248): Bumping write time: /cloud/project/.Rproj.user/D4BF0CBA/sources/session-e9c2325f/lock_file
2022-11-11T17:00:52.796899Z [rsession-r1755190] DEBUG (PID 248): Bumping write time: /cloud/project/.Rproj.user/D4BF0CBA/sources/session-e9c2325f/lock_file
2022-11-11T17:01:12.796892Z [rsession-r1755190] DEBUG (PID 248): Bumping write time: /cloud/project/.Rproj.user/D4BF0CBA/sources/session-e9c2325f/lock_file
2022-11-11T17:01:32.796896Z [rsession-r1755190] DEBUG (PID 248): Bumping write time: /cloud/project/.Rproj.user/D4BF0CBA/sources/session-e9c2325f/lock_file
2022-11-11T17:01:52.796897Z [rsession-r1755190] DEBUG (PID 248): Bumping write time: /cloud/project/.Rproj.user/D4BF0CBA/sources/session-e9c2325f/lock_file
2022-11-11T17:02:12.796894Z [rsession-r1755190] DEBUG (PID 248): Bumping write time: /cloud/project/.Rproj.user/D4BF0CBA/sources/session-e9c2325f/lock_file
2022-11-11T17:02:32.796896Z [rsession-r1755190] DEBUG (PID 248): Bumping write time: /cloud/project/.Rproj.user/D4BF0CBA/sources/session-e9c2325f/lock_file
2022-11-11T17:02:52.796890Z [rsession-r1755190] DEBUG (PID 248): Bumping write time: /cloud/project/.Rproj.user/D4BF0CBA/sources/session-e9c2325f/lock_file
2022-11-11T17:03:12.796894Z [rsession-r1755190] DEBUG (PID 248): Bumping write time: /cloud/project/.Rproj.user/D4BF0CBA/sources/session-e9c2325f/lock_file
2022-11-11T17:03:32.796893Z [rsession-r1755190] DEBUG (PID 248): Bumping write time: /cloud/project/.Rproj.user/D4BF0CBA/sources/session-e9c2325f/lock_file
2022-11-11T17:03:52.796894Z [rsession-r1755190] DEBUG (PID 248): Bumping write time: /cloud/project/.Rproj.user/D4BF0CBA/sources/session-e9c2325f/lock_file
2022-11-11T17:04:12.796896Z [rsession-r1755190] DEBUG (PID 248): Bumping write time: /cloud/project/.Rproj.user/D4BF0CBA/sources/session-e9c2325f/lock_file
2022-11-11T17:04:32.796892Z [rsession-r1755190] DEBUG (PID 248): Bumping write time: /cloud/project/.Rproj.user/D4BF0CBA/sources/session-e9c2325f/lock_file
2022-11-11T17:04:52.796895Z [rsession-r1755190] DEBUG (PID 248): Bumping write time: /cloud/project/.Rproj.user/D4BF0CBA/sources/session-e9c2325f/lock_file
2022-11-11T17:05:12.796892Z [rsession-r1755190] DEBUG (PID 248): Bumping write time: /cloud/project/.Rproj.user/D4BF0CBA/sources/session-e9c2325f/lock_file
2022-11-11T17:05:32.796896Z [rsession-r1755190] DEBUG (PID 248): Bumping write time: /cloud/project/.Rproj.user/D4BF0CBA/sources/session-e9c2325f/lock_file
2022-11-11T17:05:52.796891Z [rsession-r1755190] DEBUG (PID 248): Bumping write time: /cloud/project/.Rproj.user/D4BF0CBA/sources/session-e9c2325f/lock_file
2022-11-11T17:06:12.796892Z [rsession-r1755190] DEBUG (PID 248): Bumping write time: /cloud/project/.Rproj.user/D4BF0CBA/sources/session-e9c2325f/lock_file
2022-11-11T17:06:32.796902Z [rsession-r1755190] DEBUG (PID 248): Bumping write time: /cloud/project/.Rproj.user/D4BF0CBA/sources/session-e9c2325f/lock_file
2022-11-11T17:06:52.796891Z [rsession-r1755190] DEBUG (PID 248): Bumping write time: /cloud/project/.Rproj.user/D4BF0CBA/sources/session-e9c2325f/lock_file
2022-11-11T17:07:12.796891Z [rsession-r1755190] DEBUG (PID 248): Bumping write time: /cloud/project/.Rproj.user/D4BF0CBA/sources/session-e9c2325f/lock_file
2022-11-11T17:07:32.796893Z [rsession-r1755190] DEBUG (PID 248): Bumping write time: /cloud/project/.Rproj.user/D4BF0CBA/sources/session-e9c2325f/lock_file
2022-11-11T17:07:52.796893Z [rsession-r1755190] DEBUG (PID 248): Bumping write time: /cloud/project/.Rproj.user/D4BF0CBA/sources/session-e9c2325f/lock_file
2022-11-11T17:08:12.796895Z [rsession-r1755190] DEBUG (PID 248): Bumping write time: /cloud/project/.Rproj.user/D4BF0CBA/sources/session-e9c2325f/lock_file
2022-11-11T17:08:32.796893Z [rsession-r1755190] DEBUG (PID 248): Bumping write time: /cloud/project/.Rproj.user/D4BF0CBA/sources/session-e9c2325f/lock_file
2022-11-11T17:08:52.796892Z [rsession-r1755190] DEBUG (PID 248): Bumping write time: /cloud/project/.Rproj.user/D4BF0CBA/sources/session-e9c2325f/lock_file
2022-11-11T17:09:12.796894Z [rsession-r1755190] DEBUG (PID 248): Bumping write time: /cloud/project/.Rproj.user/D4BF0CBA/sources/session-e9c2325f/lock_file
2022-11-11T17:09:32.796894Z [rsession-r1755190] DEBUG (PID 248): Bumping write time: /cloud/project/.Rproj.user/D4BF0CBA/sources/session-e9c2325f/lock_file
2022-11-11T17:09:52.796897Z [rsession-r1755190] DEBUG (PID 248): Bumping write time: /cloud/project/.Rproj.user/D4BF0CBA/sources/session-e9c2325f/lock_file
2022-11-11T17:10:12.796897Z [rsession-r1755190] DEBUG (PID 248): Bumping write time: /cloud/project/.Rproj.user/D4BF0CBA/sources/session-e9c2325f/lock_file
2022-11-11T17:10:32.796892Z [rsession-r1755190] DEBUG (PID 248): Bumping write time: /cloud/project/.Rproj.user/D4BF0CBA/sources/session-e9c2325f/lock_file
2022-11-11T17:10:52.796894Z [rsession-r1755190] DEBUG (PID 248): Bumping write time: /cloud/project/.Rproj.user/D4BF0CBA/sources/session-e9c2325f/lock_file
2022-11-11T17:11:12.796894Z [rsession-r1755190] DEBUG (PID 248): Bumping write time: /cloud/project/.Rproj.user/D4BF0CBA/sources/session-e9c2325f/lock_file
2022-11-11T17:11:32.796896Z [rsession-r1755190] DEBUG (PID 248): Bumping write time: /cloud/project/.Rproj.user/D4BF0CBA/sources/session-e9c2325f/lock_file
2022-11-11T17:11:52.796892Z [rsession-r1755190] DEBUG (PID 248): Bumping write time: /cloud/project/.Rproj.user/D4BF0CBA/sources/session-e9c2325f/lock_file
2022-11-11T17:12:12.796901Z [rsession-r1755190] DEBUG (PID 248): Bumping write time: /cloud/project/.Rproj.user/D4BF0CBA/sources/session-e9c2325f/lock_file
2022-11-11T17:12:32.796894Z [rsession-r1755190] DEBUG (PID 248): Bumping write time: /cloud/project/.Rproj.user/D4BF0CBA/sources/session-e9c2325f/lock_file
2022-11-11T17:12:52.796892Z [rsession-r1755190] DEBUG (PID 248): Bumping write time: /cloud/project/.Rproj.user/D4BF0CBA/sources/session-e9c2325f/lock_file
2022-11-11T17:13:12.796895Z [rsession-r1755190] DEBUG (PID 248): Bumping write time: /cloud/project/.Rproj.user/D4BF0CBA/sources/session-e9c2325f/lock_file
2022-11-11T17:13:32.796891Z [rsession-r1755190] DEBUG (PID 248): Bumping write time: /cloud/project/.Rproj.user/D4BF0CBA/sources/session-e9c2325f/lock_file
2022-11-11T17:13:52.796895Z [rsession-r1755190] DEBUG (PID 248): Bumping write time: /cloud/project/.Rproj.user/D4BF0CBA/sources/session-e9c2325f/lock_file
2022-11-11T17:14:12.796897Z [rsession-r1755190] DEBUG (PID 248): Bumping write time: /cloud/project/.Rproj.user/D4BF0CBA/sources/session-e9c2325f/lock_file
2022-11-11T17:14:31.128234Z [rsession-r1755190] DEBUG Ending session: e9c2325f with previous activityState: saved
2022-11-11T17:14:31.128760Z [rsession-r1755190] DEBUG (PID 248): Clearing lock: /cloud/project/.Rproj.user/D4BF0CBA/sources/session-e9c2325f/lock_file
2023-10-02T01:17:30.365853Z [rsession-r1755190] INFO Reading rsession configuration from '/etc/rstudio/rsession.conf'
2023-10-02T01:17:30.420526Z [rsession-r1755190] INFO Set CRAN URL for session to 'https://cran.rstudio.com/' (source: preference defaults)
2023-10-02T01:17:31.042188Z [rsession-r1755190] INFO No admin notifications found at /etc/rstudio/notifications.conf
2023-10-02T01:17:31.318740Z [rsession-r1755190] INFO No keybindings/addins.json found at /etc/rstudio/keybindings/addins.json
2023-10-02T01:17:31.321392Z [rsession-r1755190] INFO No keybindings/editor_bindings.json found at /etc/rstudio/keybindings/editor_bindings.json
2023-10-02T01:17:31.324881Z [rsession-r1755190] INFO No keybindings/rstudio_bindings.json found at /etc/rstudio/keybindings/rstudio_bindings.json
2023-10-02T01:32:33.021431Z [rsession-r1755190] INFO Lowered CPU priority during suspend
2023-10-02T01:56:08.307580Z [rsession-r1755190] INFO Reading rsession configuration from '/etc/rstudio/rsession.conf'
2023-10-02T01:56:08.400442Z [rsession-r1755190] INFO Set CRAN URL for session to 'https://cran.rstudio.com/' (source: preference defaults)
2023-10-02T01:56:09.084368Z [rsession-r1755190] INFO No admin notifications found at /etc/rstudio/notifications.conf
2023-10-02T01:56:09.407607Z [rsession-r1755190] INFO No keybindings/addins.json found at /etc/rstudio/keybindings/addins.json
2023-10-02T01:56:09.408495Z [rsession-r1755190] INFO No keybindings/rstudio_bindings.json found at /etc/rstudio/keybindings/rstudio_bindings.json
2023-10-02T01:56:09.411836Z [rsession-r1755190] INFO No keybindings/editor_bindings.json found at /etc/rstudio/keybindings/editor_bindings.json
2023-10-02T02:14:40.052435Z [rsession-r1755190] INFO Lowered CPU priority during suspend
2023-10-02T16:11:00.030930Z [rsession-r1755190] INFO Reading rsession configuration from '/etc/rstudio/rsession.conf'
2023-10-02T16:11:00.149092Z [rsession-r1755190] INFO Set CRAN URL for session to 'https://cran.rstudio.com/' (source: preference defaults)
2023-10-02T16:11:01.118816Z [rsession-r1755190] INFO No admin notifications found at /etc/rstudio/notifications.conf
2023-10-02T16:11:01.386123Z [rsession-r1755190] INFO No keybindings/addins.json found at /etc/rstudio/keybindings/addins.json
2023-10-02T16:11:01.390648Z [rsession-r1755190] INFO No keybindings/rstudio_bindings.json found at /etc/rstudio/keybindings/rstudio_bindings.json
2023-10-02T16:11:01.393532Z [rsession-r1755190] INFO No keybindings/editor_bindings.json found at /etc/rstudio/keybindings/editor_bindings.json
2023-10-02T16:28:05.023755Z [rsession-r1755190] INFO Lowered CPU priority during suspend
2023-10-02T16:33:38.210539Z [rsession-r1755190] INFO Reading rsession configuration from '/etc/rstudio/rsession.conf'
2023-10-02T16:33:38.291264Z [rsession-r1755190] INFO Set CRAN URL for session to 'https://cran.rstudio.com/' (source: preference defaults)
2023-10-02T16:33:38.840781Z [rsession-r1755190] INFO No admin notifications found at /etc/rstudio/notifications.conf
2023-10-02T16:33:39.217993Z [rsession-r1755190] INFO No keybindings/addins.json found at /etc/rstudio/keybindings/addins.json
2023-10-02T16:33:39.221545Z [rsession-r1755190] INFO No keybindings/editor_bindings.json found at /etc/rstudio/keybindings/editor_bindings.json
2023-10-02T16:33:39.224327Z [rsession-r1755190] INFO No keybindings/rstudio_bindings.json found at /etc/rstudio/keybindings/rstudio_bindings.json
2023-10-02T17:07:48.037149Z [rsession-r1755190] INFO Lowered CPU priority during suspend
2023-10-02T17:33:43.663262Z [rsession-r1755190] INFO Reading rsession configuration from '/etc/rstudio/rsession.conf'
2023-10-02T17:33:43.738047Z [rsession-r1755190] INFO Set CRAN URL for session to 'https://cran.rstudio.com/' (source: preference defaults)
2023-10-02T17:33:45.140152Z [rsession-r1755190] INFO No admin notifications found at /etc/rstudio/notifications.conf
2023-10-02T17:33:46.001637Z [rsession-r1755190] INFO No keybindings/addins.json found at /etc/rstudio/keybindings/addins.json
2023-10-02T17:33:46.033046Z [rsession-r1755190] INFO No keybindings/editor_bindings.json found at /etc/rstudio/keybindings/editor_bindings.json
2023-10-02T17:33:46.033549Z [rsession-r1755190] INFO No keybindings/rstudio_bindings.json found at /etc/rstudio/keybindings/rstudio_bindings.json
2023-10-02T17:48:49.015521Z [rsession-r1755190] INFO Lowered CPU priority during suspend
2023-10-02T19:24:35.534526Z [rsession-r1755190] INFO Reading rsession configuration from '/etc/rstudio/rsession.conf'
2023-10-02T19:24:35.628743Z [rsession-r1755190] INFO Set CRAN URL for session to 'https://cran.rstudio.com/' (source: preference defaults)
2023-10-02T19:24:37.451930Z [rsession-r1755190] INFO No admin notifications found at /etc/rstudio/notifications.conf
2023-10-02T19:24:37.874823Z [rsession-r1755190] INFO No keybindings/addins.json found at /etc/rstudio/keybindings/addins.json
2023-10-02T19:24:37.897727Z [rsession-r1755190] INFO No keybindings/rstudio_bindings.json found at /etc/rstudio/keybindings/rstudio_bindings.json
2023-10-02T19:24:37.898155Z [rsession-r1755190] INFO No keybindings/editor_bindings.json found at /etc/rstudio/keybindings/editor_bindings.json
2023-10-02T19:24:39.630426Z [rsession-r1755190] ERROR JsonReadError error 1 (Member foreground does not exist in the specified JSON object.); OCCURRED AT rstudio::core::Error rstudio::core::json::readObject(const rstudio::core::json::Object&, const string&, T&) [with T = std::__cxx11::basic_string<char>  std::__cxx11::string = std::__cxx11::basic_string<char>] src/cpp/session/SessionClientEventQueue.cpp:1967; LOGGED FROM: rstudio::session::modules::themes::{anonymous}::ThemeInfo rstudio::session::modules::themes::{anonymous}::getThemeInfo() src/cpp/session/modules/SessionThemes.cpp:85
2023-10-02T19:39:41.012407Z [rsession-r1755190] INFO Lowered CPU priority during suspend
2023-10-02T20:03:27.067335Z [rsession-r1755190] INFO Reading rsession configuration from '/etc/rstudio/rsession.conf'
2023-10-02T20:03:27.157130Z [rsession-r1755190] INFO Set CRAN URL for session to 'https://cran.rstudio.com/' (source: preference defaults)
2023-10-02T20:03:28.560040Z [rsession-r1755190] INFO No admin notifications found at /etc/rstudio/notifications.conf
2023-10-02T20:03:28.960465Z [rsession-r1755190] INFO No keybindings/addins.json found at /etc/rstudio/keybindings/addins.json
2023-10-02T20:03:28.963669Z [rsession-r1755190] INFO No keybindings/editor_bindings.json found at /etc/rstudio/keybindings/editor_bindings.json
2023-10-02T20:03:28.966093Z [rsession-r1755190] INFO No keybindings/rstudio_bindings.json found at /etc/rstudio/keybindings/rstudio_bindings.json
2023-10-02T20:21:38.011057Z [rsession-r1755190] INFO Lowered CPU priority during suspend
2023-10-02T20:29:23.536165Z [rsession-r1755190] INFO Reading rsession configuration from '/etc/rstudio/rsession.conf'
2023-10-02T20:29:23.557768Z [rsession-r1755190] INFO Set CRAN URL for session to 'https://cran.rstudio.com/' (source: preference defaults)
2023-10-02T20:29:24.307908Z [rsession-r1755190] INFO No admin notifications found at /etc/rstudio/notifications.conf
2023-10-02T20:29:24.734207Z [rsession-r1755190] INFO No keybindings/addins.json found at /etc/rstudio/keybindings/addins.json
2023-10-02T20:29:24.734673Z [rsession-r1755190] INFO No keybindings/rstudio_bindings.json found at /etc/rstudio/keybindings/rstudio_bindings.json
2023-10-02T20:29:24.735017Z [rsession-r1755190] INFO No keybindings/editor_bindings.json found at /etc/rstudio/keybindings/editor_bindings.json
2023-10-02T20:30:14.413708Z [rsession-r1755190] INFO Lowered CPU priority during suspend
2023-10-02T20:30:41.164812Z [rsession-r1755190] INFO Reading rsession configuration from '/etc/rstudio/rsession.conf'
2023-10-02T20:30:41.293847Z [rsession-r1755190] INFO Set CRAN URL for session to 'https://cran.rstudio.com/' (source: preference defaults)
2023-10-02T20:30:43.097396Z [rsession-r1755190] INFO No admin notifications found at /etc/rstudio/notifications.conf
2023-10-02T20:30:43.634188Z [rsession-r1755190] INFO No keybindings/addins.json found at /etc/rstudio/keybindings/addins.json
2023-10-02T20:30:43.634523Z [rsession-r1755190] INFO No keybindings/rstudio_bindings.json found at /etc/rstudio/keybindings/rstudio_bindings.json
2023-10-02T20:30:43.634878Z [rsession-r1755190] INFO No keybindings/editor_bindings.json found at /etc/rstudio/keybindings/editor_bindings.json
2023-10-02T20:49:47.001132Z [rsession-r1755190] INFO Lowered CPU priority during suspend
2023-10-02T21:05:58.357681Z [rsession-r1755190] INFO Reading rsession configuration from '/etc/rstudio/rsession.conf'
2023-10-02T21:05:58.433250Z [rsession-r1755190] INFO Set CRAN URL for session to 'https://cran.rstudio.com/' (source: preference defaults)
2023-10-02T21:06:00.219368Z [rsession-r1755190] INFO No admin notifications found at /etc/rstudio/notifications.conf
2023-10-02T21:06:00.779881Z [rsession-r1755190] INFO No keybindings/addins.json found at /etc/rstudio/keybindings/addins.json
2023-10-02T21:06:00.780291Z [rsession-r1755190] INFO No keybindings/rstudio_bindings.json found at /etc/rstudio/keybindings/rstudio_bindings.json
2023-10-02T21:06:00.780653Z [rsession-r1755190] INFO No keybindings/editor_bindings.json found at /etc/rstudio/keybindings/editor_bindings.json
2023-10-02T21:38:23.019003Z [rsession-r1755190] INFO Lowered CPU priority during suspend
2023-10-02T22:15:13.956282Z [rsession-r1755190] INFO Reading rsession configuration from '/etc/rstudio/rsession.conf'
2023-10-02T22:15:14.037845Z [rsession-r1755190] INFO Set CRAN URL for session to 'https://cran.rstudio.com/' (source: preference defaults)
2023-10-02T22:15:17.992516Z [rsession-r1755190] INFO No admin notifications found at /etc/rstudio/notifications.conf
2023-10-02T22:15:18.554127Z [rsession-r1755190] INFO No keybindings/addins.json found at /etc/rstudio/keybindings/addins.json
2023-10-02T22:15:18.554457Z [rsession-r1755190] INFO No keybindings/editor_bindings.json found at /etc/rstudio/keybindings/editor_bindings.json
2023-10-02T22:15:18.554742Z [rsession-r1755190] INFO No keybindings/rstudio_bindings.json found at /etc/rstudio/keybindings/rstudio_bindings.json
2023-10-02T23:00:39.143194Z [rsession-r1755190] INFO No keybindings/addins.json found at /etc/rstudio/keybindings/addins.json
2023-10-02T23:07:30.090139Z [rsession-r1755190] INFO No keybindings/rstudio_bindings.json found at /etc/rstudio/keybindings/rstudio_bindings.json
2023-10-02T23:07:30.090753Z [rsession-r1755190] INFO No keybindings/editor_bindings.json found at /etc/rstudio/keybindings/editor_bindings.json
2023-10-02T23:07:34.646798Z [rsession-r1755190] INFO No keybindings/addins.json found at /etc/rstudio/keybindings/addins.json
2023-10-02T23:28:26.027452Z [rsession-r1755190] INFO Lowered CPU priority during suspend
2023-10-02T23:43:58.198218Z [rsession-r1755190] INFO Reading rsession configuration from '/etc/rstudio/rsession.conf'
2023-10-02T23:43:58.281703Z [rsession-r1755190] INFO Set CRAN URL for session to 'https://cran.rstudio.com/' (source: preference defaults)
2023-10-02T23:44:02.374937Z [rsession-r1755190] INFO No admin notifications found at /etc/rstudio/notifications.conf
2023-10-02T23:44:03.081109Z [rsession-r1755190] INFO No keybindings/addins.json found at /etc/rstudio/keybindings/addins.json
2023-10-02T23:44:03.081549Z [rsession-r1755190] INFO No keybindings/rstudio_bindings.json found at /etc/rstudio/keybindings/rstudio_bindings.json
2023-10-02T23:44:03.081947Z [rsession-r1755190] INFO No keybindings/editor_bindings.json found at /etc/rstudio/keybindings/editor_bindings.json
2023-10-03T00:12:18.035198Z [rsession-r1755190] INFO Lowered CPU priority during suspend
2023-10-03T18:30:40.353877Z [rsession-r1755190] INFO Reading rsession configuration from '/etc/rstudio/rsession.conf'
2023-10-03T18:30:40.462594Z [rsession-r1755190] INFO Set CRAN URL for session to 'https://cran.rstudio.com/' (source: preference defaults)
2023-10-03T18:30:44.889238Z [rsession-r1755190] INFO No admin notifications found at /etc/rstudio/notifications.conf
2023-10-03T18:30:45.465778Z [rsession-r1755190] INFO No keybindings/addins.json found at /etc/rstudio/keybindings/addins.json
2023-10-03T18:30:45.466284Z [rsession-r1755190] INFO No keybindings/editor_bindings.json found at /etc/rstudio/keybindings/editor_bindings.json
2023-10-03T18:30:45.466711Z [rsession-r1755190] INFO No keybindings/rstudio_bindings.json found at /etc/rstudio/keybindings/rstudio_bindings.json
2023-10-03T18:30:53.456432Z [rsession-r1755190] INFO No keybindings/addins.json found at /etc/rstudio/keybindings/addins.json
2023-10-03T18:51:43.021198Z [rsession-r1755190] INFO Lowered CPU priority during suspend
2023-10-03T20:04:43.311843Z [rsession-r1755190] INFO Reading rsession configuration from '/etc/rstudio/rsession.conf'
2023-10-03T20:04:43.547476Z [rsession-r1755190] INFO Set CRAN URL for session to 'https://cran.rstudio.com/' (source: preference defaults)
2023-10-03T20:04:48.206861Z [rsession-r1755190] INFO No admin notifications found at /etc/rstudio/notifications.conf
2023-10-03T20:04:48.799846Z [rsession-r1755190] INFO No keybindings/addins.json found at /etc/rstudio/keybindings/addins.json
2023-10-03T20:04:48.800260Z [rsession-r1755190] INFO No keybindings/rstudio_bindings.json found at /etc/rstudio/keybindings/rstudio_bindings.json
2023-10-03T20:04:48.800620Z [rsession-r1755190] INFO No keybindings/editor_bindings.json found at /etc/rstudio/keybindings/editor_bindings.json
2023-10-03T20:15:46.334209Z [rsession-r1755190] INFO No keybindings/addins.json found at /etc/rstudio/keybindings/addins.json
2023-10-03T20:36:22.024370Z [rsession-r1755190] INFO Lowered CPU priority during suspend
2023-10-04T23:42:44.566782Z [rsession-r1755190] INFO Reading rsession configuration from '/etc/rstudio/rsession.conf'
2023-10-04T23:42:44.640919Z [rsession-r1755190] INFO Set CRAN URL for session to 'https://cran.rstudio.com/' (source: preference defaults)
2023-10-04T23:42:48.735418Z [rsession-r1755190] INFO No admin notifications found at /etc/rstudio/notifications.conf
2023-10-04T23:42:49.395310Z [rsession-r1755190] INFO No keybindings/addins.json found at /etc/rstudio/keybindings/addins.json
2023-10-04T23:42:49.395829Z [rsession-r1755190] INFO No keybindings/rstudio_bindings.json found at /etc/rstudio/keybindings/rstudio_bindings.json
2023-10-04T23:42:49.396229Z [rsession-r1755190] INFO No keybindings/editor_bindings.json found at /etc/rstudio/keybindings/editor_bindings.json
2023-10-04T23:43:01.653941Z [rsession-r1755190] INFO No keybindings/addins.json found at /etc/rstudio/keybindings/addins.json
2023-10-04T23:48:26.238517Z [rsession-r1755190] INFO No keybindings/addins.json found at /etc/rstudio/keybindings/addins.json
2023-10-05T00:23:00.039200Z [rsession-r1755190] INFO Lowered CPU priority during suspend
2023-10-05T00:35:30.293795Z [rsession-r1755190] INFO Reading rsession configuration from '/etc/rstudio/rsession.conf'
2023-10-05T00:35:30.406882Z [rsession-r1755190] INFO Set CRAN URL for session to 'https://cran.rstudio.com/' (source: preference defaults)
2023-10-05T00:35:36.030139Z [rsession-r1755190] INFO No admin notifications found at /etc/rstudio/notifications.conf
2023-10-05T00:35:36.893005Z [rsession-r1755190] INFO No keybindings/addins.json found at /etc/rstudio/keybindings/addins.json
2023-10-05T00:35:36.893664Z [rsession-r1755190] INFO No keybindings/rstudio_bindings.json found at /etc/rstudio/keybindings/rstudio_bindings.json
2023-10-05T00:35:36.894168Z [rsession-r1755190] INFO No keybindings/editor_bindings.json found at /etc/rstudio/keybindings/editor_bindings.json
2023-10-05T00:36:07.928848Z [rsession-r1755190] INFO No keybindings/addins.json found at /etc/rstudio/keybindings/addins.json
2023-10-05T00:37:52.739198Z [rsession-r1755190] INFO No keybindings/addins.json found at /etc/rstudio/keybindings/addins.json
2023-10-05T00:39:22.522848Z [rsession-r1755190] INFO No keybindings/addins.json found at /etc/rstudio/keybindings/addins.json
2023-10-05T00:54:33.037775Z [rsession-r1755190] INFO Lowered CPU priority during suspend
2023-10-05T03:44:02.505272Z [rsession-r1755190] INFO Reading rsession configuration from '/etc/rstudio/rsession.conf'
2023-10-05T03:44:02.603136Z [rsession-r1755190] INFO Set CRAN URL for session to 'https://cran.rstudio.com/' (source: preference defaults)
2023-10-05T03:44:07.130969Z [rsession-r1755190] INFO No admin notifications found at /etc/rstudio/notifications.conf
2023-10-05T03:44:07.796336Z [rsession-r1755190] INFO No keybindings/addins.json found at /etc/rstudio/keybindings/addins.json
2023-10-05T03:44:07.796747Z [rsession-r1755190] INFO No keybindings/rstudio_bindings.json found at /etc/rstudio/keybindings/rstudio_bindings.json
2023-10-05T03:44:07.797122Z [rsession-r1755190] INFO No keybindings/editor_bindings.json found at /etc/rstudio/keybindings/editor_bindings.json
2023-10-05T04:01:46.309502Z [rsession-r1755190] INFO No keybindings/addins.json found at /etc/rstudio/keybindings/addins.json
2023-10-05T04:03:16.757476Z [rsession-r1755190] INFO No keybindings/addins.json found at /etc/rstudio/keybindings/addins.json
2023-10-05T04:18:27.029675Z [rsession-r1755190] INFO Lowered CPU priority during suspend
2023-10-05T04:19:46.752512Z [rsession-r1755190] INFO Reading rsession configuration from '/etc/rstudio/rsession.conf'
2023-10-05T04:19:46.841432Z [rsession-r1755190] INFO Set CRAN URL for session to 'https://cran.rstudio.com/' (source: preference defaults)
2023-10-05T04:19:49.831629Z [rsession-r1755190] INFO No admin notifications found at /etc/rstudio/notifications.conf
2023-10-05T04:48:23.999304Z [rsession-r1755190] INFO No keybindings/addins.json found at /etc/rstudio/keybindings/addins.json
2023-10-05T04:54:10.616192Z [rsession-r1755190] INFO No keybindings/editor_bindings.json found at /etc/rstudio/keybindings/editor_bindings.json
2023-10-05T04:54:10.616646Z [rsession-r1755190] INFO No keybindings/rstudio_bindings.json found at /etc/rstudio/keybindings/rstudio_bindings.json
2023-10-05T04:54:10.619128Z [rsession-r1755190] INFO No keybindings/addins.json found at /etc/rstudio/keybindings/addins.json
2023-10-05T04:59:13.471771Z [rsession-r1755190] INFO No keybindings/addins.json found at /etc/rstudio/keybindings/addins.json
2023-10-05T05:00:47.435367Z [rsession-r1755190] INFO No keybindings/addins.json found at /etc/rstudio/keybindings/addins.json
2023-10-05T05:17:07.050160Z [rsession-r1755190] INFO Lowered CPU priority during suspend
2023-10-05T19:12:37.017392Z [rsession-r1755190] INFO Reading rsession configuration from '/etc/rstudio/rsession.conf'
2023-10-05T19:12:37.124968Z [rsession-r1755190] INFO Set CRAN URL for session to 'https://cran.rstudio.com/' (source: preference defaults)
2023-10-05T19:12:42.661549Z [rsession-r1755190] INFO No admin notifications found at /etc/rstudio/notifications.conf
2023-10-05T19:12:43.950959Z [rsession-r1755190] INFO No keybindings/addins.json found at /etc/rstudio/keybindings/addins.json
2023-10-05T19:12:43.971890Z [rsession-r1755190] INFO No keybindings/editor_bindings.json found at /etc/rstudio/keybindings/editor_bindings.json
2023-10-05T19:12:44.049286Z [rsession-r1755190] INFO No keybindings/rstudio_bindings.json found at /etc/rstudio/keybindings/rstudio_bindings.json
2023-10-05T19:15:05.957344Z [rsession-r1755190] INFO No keybindings/addins.json found at /etc/rstudio/keybindings/addins.json
2023-10-05T19:15:15.231762Z [rsession-r1755190] INFO No keybindings/addins.json found at /etc/rstudio/keybindings/addins.json
2023-10-05T19:59:54.012537Z [rsession-r1755190] INFO Lowered CPU priority during suspend
2023-10-14T18:23:14.566015Z [rsession-r1755190] INFO Reading rsession configuration from '/etc/rstudio/rsession.conf'
2023-10-14T18:23:14.616139Z [rsession-r1755190] INFO Set CRAN URL for session to 'https://cran.rstudio.com/' (source: preference defaults)
2023-10-14T18:23:18.998579Z [rsession-r1755190] INFO No admin notifications found at /etc/rstudio/notifications.conf
2023-10-14T18:23:19.889158Z [rsession-r1755190] INFO No keybindings/addins.json found at /etc/rstudio/keybindings/addins.json
2023-10-14T18:23:19.889673Z [rsession-r1755190] INFO No keybindings/rstudio_bindings.json found at /etc/rstudio/keybindings/rstudio_bindings.json
2023-10-14T18:23:19.890081Z [rsession-r1755190] INFO No keybindings/editor_bindings.json found at /etc/rstudio/keybindings/editor_bindings.json
2023-10-14T21:17:10.050913Z [rsession-r1755190] INFO Lowered CPU priority during suspend
2023-10-15T02:05:00.571363Z [rsession-r1755190] INFO Reading rsession configuration from '/etc/rstudio/rsession.conf'
2023-10-15T02:05:00.719932Z [rsession-r1755190] INFO Set CRAN URL for session to 'https://cran.rstudio.com/' (source: preference defaults)
2023-10-15T02:05:05.816541Z [rsession-r1755190] INFO No admin notifications found at /etc/rstudio/notifications.conf
2023-10-15T02:05:07.155110Z [rsession-r1755190] INFO No keybindings/rstudio_bindings.json found at /etc/rstudio/keybindings/rstudio_bindings.json
2023-10-15T02:05:07.155675Z [rsession-r1755190] INFO No keybindings/addins.json found at /etc/rstudio/keybindings/addins.json
2023-10-15T02:05:07.156097Z [rsession-r1755190] INFO No keybindings/editor_bindings.json found at /etc/rstudio/keybindings/editor_bindings.json
2023-10-15T03:14:00.020903Z [rsession-r1755190] INFO Lowered CPU priority during suspend
2023-10-15T18:13:46.884681Z [rsession-r1755190] INFO Reading rsession configuration from '/etc/rstudio/rsession.conf'
2023-10-15T18:13:46.971759Z [rsession-r1755190] INFO Set CRAN URL for session to 'https://cran.rstudio.com/' (source: preference defaults)
2023-10-15T18:13:51.838479Z [rsession-r1755190] INFO No admin notifications found at /etc/rstudio/notifications.conf
2023-10-15T18:13:53.194823Z [rsession-r1755190] INFO No keybindings/addins.json found at /etc/rstudio/keybindings/addins.json
2023-10-15T18:13:53.208705Z [rsession-r1755190] INFO No keybindings/rstudio_bindings.json found at /etc/rstudio/keybindings/rstudio_bindings.json
2023-10-15T18:13:53.209303Z [rsession-r1755190] INFO No keybindings/editor_bindings.json found at /etc/rstudio/keybindings/editor_bindings.json
2023-10-15T19:01:21.619726Z [rsession-r1755190] INFO No keybindings/addins.json found at /etc/rstudio/keybindings/addins.json
2023-10-15T20:11:07.399769Z [rsession-r1755190] INFO No keybindings/addins.json found at /etc/rstudio/keybindings/addins.json
2023-10-15T21:17:57.015472Z [rsession-r1755190] INFO Lowered CPU priority during suspend
2023-10-16T18:58:38.047634Z [rsession-r1755190] INFO Reading rsession configuration from '/etc/rstudio/rsession.conf'
2023-10-16T18:58:38.108055Z [rsession-r1755190] INFO Set CRAN URL for session to 'https://cran.rstudio.com/' (source: preference defaults)
2023-10-16T18:58:42.561940Z [rsession-r1755190] INFO No admin notifications found at /etc/rstudio/notifications.conf
2023-10-16T18:58:43.429756Z [rsession-r1755190] INFO No keybindings/addins.json found at /etc/rstudio/keybindings/addins.json
2023-10-16T18:58:43.430193Z [rsession-r1755190] INFO No keybindings/rstudio_bindings.json found at /etc/rstudio/keybindings/rstudio_bindings.json
2023-10-16T18:58:43.430554Z [rsession-r1755190] INFO No keybindings/editor_bindings.json found at /etc/rstudio/keybindings/editor_bindings.json
2023-10-16T19:15:17.369015Z [rsession-r1755190] ERROR system error 84 (Invalid or incomplete multibyte or wide character) [str: society’s, len: 11, from: UTF-8, to: ISO8859-1]; OCCURRED AT rstudio::core::Error rstudio::r::util::{anonymous}::iconvstrImpl(const string&, const string&, const string&, bool, std::__cxx11::string*) src/cpp/r/RUtil.cpp:268; LOGGED FROM: rstudio::core::Error rstudio::session::modules::spelling::{anonymous}::checkSpelling(const rstudio::core::json::JsonRpcRequest&, rstudio::core::json::JsonRpcResponse*) src/cpp/session/modules/SessionSpelling.cpp:225
2023-10-16T19:16:42.265787Z [rsession-r1755190] INFO No keybindings/addins.json found at /etc/rstudio/keybindings/addins.json
2023-10-16T19:17:32.960014Z [rsession-r1755190] INFO No keybindings/addins.json found at /etc/rstudio/keybindings/addins.json
2023-10-16T19:32:57.036520Z [rsession-r1755190] INFO Lowered CPU priority during suspend
2023-10-16T20:27:21.145032Z [rsession-r1755190] INFO Reading rsession configuration from '/etc/rstudio/rsession.conf'
2023-10-16T20:27:21.307635Z [rsession-r1755190] INFO Set CRAN URL for session to 'https://cran.rstudio.com/' (source: preference defaults)
2023-10-16T20:27:25.746863Z [rsession-r1755190] INFO No admin notifications found at /etc/rstudio/notifications.conf
2023-10-16T20:27:26.693779Z [rsession-r1755190] INFO No keybindings/addins.json found at /etc/rstudio/keybindings/addins.json
2023-10-16T20:27:26.694163Z [rsession-r1755190] INFO No keybindings/editor_bindings.json found at /etc/rstudio/keybindings/editor_bindings.json
2023-10-16T20:27:26.694483Z [rsession-r1755190] INFO No keybindings/rstudio_bindings.json found at /etc/rstudio/keybindings/rstudio_bindings.json
2023-10-16T20:42:35.027962Z [rsession-r1755190] INFO Lowered CPU priority during suspend
2023-10-17T02:35:13.251516Z [rsession-r1755190] INFO Reading rsession configuration from '/etc/rstudio/rsession.conf'
2023-10-17T02:35:13.441196Z [rsession-r1755190] INFO Set CRAN URL for session to 'https://cran.rstudio.com/' (source: preference defaults)
2023-10-17T02:35:18.152175Z [rsession-r1755190] INFO No admin notifications found at /etc/rstudio/notifications.conf
2023-10-17T02:35:19.465303Z [rsession-r1755190] INFO No keybindings/addins.json found at /etc/rstudio/keybindings/addins.json
2023-10-17T02:35:19.465820Z [rsession-r1755190] INFO No keybindings/rstudio_bindings.json found at /etc/rstudio/keybindings/rstudio_bindings.json
2023-10-17T02:35:19.466302Z [rsession-r1755190] INFO No keybindings/editor_bindings.json found at /etc/rstudio/keybindings/editor_bindings.json
2023-10-17T02:52:34.041072Z [rsession-r1755190] INFO Lowered CPU priority during suspend
2023-10-17T14:14:21.718738Z [rsession-r1755190] INFO Reading rsession configuration from '/etc/rstudio/rsession.conf'
2023-10-17T14:14:21.805433Z [rsession-r1755190] INFO Set CRAN URL for session to 'https://cran.rstudio.com/' (source: preference defaults)
2023-10-17T14:14:26.702741Z [rsession-r1755190] INFO No admin notifications found at /etc/rstudio/notifications.conf
2023-10-17T14:14:27.611127Z [rsession-r1755190] INFO No keybindings/addins.json found at /etc/rstudio/keybindings/addins.json
2023-10-17T14:14:27.611628Z [rsession-r1755190] INFO No keybindings/editor_bindings.json found at /etc/rstudio/keybindings/editor_bindings.json
2023-10-17T14:14:27.612044Z [rsession-r1755190] INFO No keybindings/rstudio_bindings.json found at /etc/rstudio/keybindings/rstudio_bindings.json
2023-10-17T14:17:49.262916Z [rsession-r1755190] ERROR system error 84 (Invalid or incomplete multibyte or wide character) [str: society’s, len: 11, from: UTF-8, to: ISO8859-1]; OCCURRED AT rstudio::core::Error rstudio::r::util::{anonymous}::iconvstrImpl(const string&, const string&, const string&, bool, std::__cxx11::string*) src/cpp/r/RUtil.cpp:268; LOGGED FROM: rstudio::core::Error rstudio::session::modules::spelling::{anonymous}::checkSpelling(const rstudio::core::json::JsonRpcRequest&, rstudio::core::json::JsonRpcResponse*) src/cpp/session/modules/SessionSpelling.cpp:225
2023-10-17T14:18:40.505226Z [rsession-r1755190] ERROR system error 84 (Invalid or incomplete multibyte or wide character) [str: it’s, len: 6, from: UTF-8, to: ISO8859-1]; OCCURRED AT rstudio::core::Error rstudio::r::util::{anonymous}::iconvstrImpl(const string&, const string&, const string&, bool, std::__cxx11::string*) src/cpp/r/RUtil.cpp:268; LOGGED FROM: rstudio::core::Error rstudio::session::modules::spelling::{anonymous}::checkSpelling(const rstudio::core::json::JsonRpcRequest&, rstudio::core::json::JsonRpcResponse*) src/cpp/session/modules/SessionSpelling.cpp:225
2023-10-17T14:19:14.406469Z [rsession-r1755190] INFO No keybindings/addins.json found at /etc/rstudio/keybindings/addins.json
2023-10-17T14:21:42.336407Z [rsession-r1755190] WARNING Event session_file_download data was truncated; LOGGED FROM: rstudio::monitor::Event::Event(int, int, const string&, const string&, PidType, rstudio_boost::posix_time::ptime) src/cpp/monitor/events/Event.cpp:50
2023-10-17T14:24:29.733892Z [rsession-r1755190] INFO No keybindings/addins.json found at /etc/rstudio/keybindings/addins.json
2023-10-17T14:25:24.265098Z [rsession-r1755190] INFO No keybindings/addins.json found at /etc/rstudio/keybindings/addins.json
2023-10-17T14:28:20.771738Z [rsession-r1755190] INFO No keybindings/addins.json found at /etc/rstudio/keybindings/addins.json
2023-10-17T14:28:29.550224Z [rsession-r1755190] WARNING Event session_file_download data was truncated; LOGGED FROM: rstudio::monitor::Event::Event(int, int, const string&, const string&, PidType, rstudio_boost::posix_time::ptime) src/cpp/monitor/events/Event.cpp:50
2023-10-17T14:45:40.048172Z [rsession-r1755190] INFO Lowered CPU priority during suspend
2023-11-28T02:44:53.330401Z [rsession-r1755190] INFO Reading rsession configuration from '/etc/rstudio/rsession.conf'
2023-11-28T02:44:53.414434Z [rsession-r1755190] INFO Set CRAN URL for session to 'https://cran.rstudio.com/' (source: preference defaults)
2023-11-28T02:44:57.706875Z [rsession-r1755190] INFO No admin notifications found at /etc/rstudio/notifications.conf
2023-11-28T02:44:59.215077Z [rsession-r1755190] INFO No keybindings/addins.json found at /etc/rstudio/keybindings/addins.json
2023-11-28T02:44:59.215518Z [rsession-r1755190] INFO No keybindings/rstudio_bindings.json found at /etc/rstudio/keybindings/rstudio_bindings.json
2023-11-28T02:44:59.215905Z [rsession-r1755190] INFO No keybindings/editor_bindings.json found at /etc/rstudio/keybindings/editor_bindings.json
2023-11-28T02:55:11.571245Z [rsession-r1755190] ERROR system error 84 (Invalid or incomplete multibyte or wide character) [str: it’s, len: 6, from: UTF-8, to: ISO8859-1]; OCCURRED AT rstudio::core::Error rstudio::r::util::{anonymous}::iconvstrImpl(const string&, const string&, const string&, bool, std::__cxx11::string*) src/cpp/r/RUtil.cpp:268; LOGGED FROM: rstudio::core::Error rstudio::session::modules::spelling::{anonymous}::checkSpelling(const rstudio::core::json::JsonRpcRequest&, rstudio::core::json::JsonRpcResponse*) src/cpp/session/modules/SessionSpelling.cpp:225
2023-11-28T03:14:55.040301Z [rsession-r1755190] INFO Lowered CPU priority during suspend
2023-11-28T18:09:34.543476Z [rsession-r1755190] INFO Reading rsession configuration from '/etc/rstudio/rsession.conf'
2023-11-28T18:09:34.715489Z [rsession-r1755190] INFO Set CRAN URL for session to 'https://cran.rstudio.com/' (source: preference defaults)
2023-11-28T18:09:39.398279Z [rsession-r1755190] INFO No admin notifications found at /etc/rstudio/notifications.conf
2023-11-28T18:09:40.862119Z [rsession-r1755190] INFO No keybindings/addins.json found at /etc/rstudio/keybindings/addins.json
2023-11-28T18:09:40.862624Z [rsession-r1755190] INFO No keybindings/editor_bindings.json found at /etc/rstudio/keybindings/editor_bindings.json
2023-11-28T18:09:40.863093Z [rsession-r1755190] INFO No keybindings/rstudio_bindings.json found at /etc/rstudio/keybindings/rstudio_bindings.json
2023-11-28T18:09:46.073102Z [rsession-r1755190] ERROR system error 84 (Invalid or incomplete multibyte or wide character) [str: it’s, len: 6, from: UTF-8, to: ISO8859-1]; OCCURRED AT rstudio::core::Error rstudio::r::util::{anonymous}::iconvstrImpl(const string&, const string&, const string&, bool, std::__cxx11::string*) src/cpp/r/RUtil.cpp:268; LOGGED FROM: rstudio::core::Error rstudio::session::modules::spelling::{anonymous}::checkSpelling(const rstudio::core::json::JsonRpcRequest&, rstudio::core::json::JsonRpcResponse*) src/cpp/session/modules/SessionSpelling.cpp:225
2023-11-28T18:24:42.189202Z [rsession-r1755190] INFO No keybindings/addins.json found at /etc/rstudio/keybindings/addins.json
2023-11-28T18:36:43.929925Z [rsession-r1755190] INFO No keybindings/addins.json found at /etc/rstudio/keybindings/addins.json
2023-11-28T18:38:09.901747Z [rsession-r1755190] INFO No keybindings/addins.json found at /etc/rstudio/keybindings/addins.json
2023-11-28T18:57:25.059297Z [rsession-r1755190] INFO Lowered CPU priority during suspend
2023-12-01T03:01:48.892141Z [rsession-r1755190] INFO Reading rsession configuration from '/etc/rstudio/rsession.conf'
2023-12-01T03:01:48.971118Z [rsession-r1755190] INFO Set CRAN URL for session to 'https://cran.rstudio.com/' (source: preference defaults)
2023-12-01T03:01:53.291783Z [rsession-r1755190] INFO No admin notifications found at /etc/rstudio/notifications.conf
2023-12-01T03:01:55.080644Z [rsession-r1755190] INFO No keybindings/addins.json found at /etc/rstudio/keybindings/addins.json
2023-12-01T03:01:55.086098Z [rsession-r1755190] INFO No keybindings/rstudio_bindings.json found at /etc/rstudio/keybindings/rstudio_bindings.json
2023-12-01T03:01:55.091390Z [rsession-r1755190] INFO No keybindings/editor_bindings.json found at /etc/rstudio/keybindings/editor_bindings.json
2023-12-01T03:20:41.061089Z [rsession-r1755190] INFO Lowered CPU priority during suspend
2023-12-01T03:38:39.123193Z [rsession-r1755190] INFO Reading rsession configuration from '/etc/rstudio/rsession.conf'
2023-12-01T03:38:39.220164Z [rsession-r1755190] INFO Set CRAN URL for session to 'https://cran.rstudio.com/' (source: preference defaults)
2023-12-01T03:38:43.776023Z [rsession-r1755190] INFO No admin notifications found at /etc/rstudio/notifications.conf
2023-12-01T03:38:45.395432Z [rsession-r1755190] INFO No keybindings/addins.json found at /etc/rstudio/keybindings/addins.json
2023-12-01T03:38:45.400753Z [rsession-r1755190] INFO No keybindings/rstudio_bindings.json found at /etc/rstudio/keybindings/rstudio_bindings.json
2023-12-01T03:38:45.406066Z [rsession-r1755190] INFO No keybindings/editor_bindings.json found at /etc/rstudio/keybindings/editor_bindings.json
2023-12-01T03:48:02.952691Z [rsession-r1755190] INFO No keybindings/addins.json found at /etc/rstudio/keybindings/addins.json
2023-12-01T04:03:12.050450Z [rsession-r1755190] INFO Lowered CPU priority during suspend
2023-12-01T04:17:15.850448Z [rsession-r1755190] INFO Reading rsession configuration from '/etc/rstudio/rsession.conf'
2023-12-01T04:17:15.933441Z [rsession-r1755190] INFO Set CRAN URL for session to 'https://cran.rstudio.com/' (source: preference defaults)
2023-12-01T04:17:20.241442Z [rsession-r1755190] INFO No admin notifications found at /etc/rstudio/notifications.conf
2023-12-01T04:17:21.830811Z [rsession-r1755190] INFO No keybindings/addins.json found at /etc/rstudio/keybindings/addins.json
2023-12-01T04:17:21.836332Z [rsession-r1755190] INFO No keybindings/editor_bindings.json found at /etc/rstudio/keybindings/editor_bindings.json
2023-12-01T04:17:21.841915Z [rsession-r1755190] INFO No keybindings/rstudio_bindings.json found at /etc/rstudio/keybindings/rstudio_bindings.json
2023-12-01T04:18:03.384907Z [rsession-r1755190] INFO Reading rsession configuration from '/etc/rstudio/rsession.conf'
2023-12-01T04:18:03.411520Z [rsession-r1755190] INFO Set CRAN URL for session to 'https://cran.rstudio.com/' (source: preference defaults)
2023-12-01T04:18:08.219870Z [rsession-r1755190] INFO No admin notifications found at /etc/rstudio/notifications.conf
2023-12-01T04:33:26.031689Z [rsession-r1755190] INFO Lowered CPU priority during suspend
2023-12-01T20:59:25.847044Z [rsession-r1755190] INFO Reading rsession configuration from '/etc/rstudio/rsession.conf'
2023-12-01T20:59:25.939301Z [rsession-r1755190] INFO Set CRAN URL for session to 'https://cran.rstudio.com/' (source: preference defaults)
2023-12-01T20:59:30.404300Z [rsession-r1755190] INFO No admin notifications found at /etc/rstudio/notifications.conf
2023-12-01T20:59:32.025574Z [rsession-r1755190] INFO No keybindings/addins.json found at /etc/rstudio/keybindings/addins.json
2023-12-01T20:59:32.031054Z [rsession-r1755190] INFO No keybindings/rstudio_bindings.json found at /etc/rstudio/keybindings/rstudio_bindings.json
2023-12-01T20:59:32.036225Z [rsession-r1755190] INFO No keybindings/editor_bindings.json found at /etc/rstudio/keybindings/editor_bindings.json
2023-12-01T21:49:11.039094Z [rsession-r1755190] INFO Lowered CPU priority during suspend
2023-12-01T21:56:31.847317Z [rsession-r1755190] INFO Reading rsession configuration from '/etc/rstudio/rsession.conf'
2023-12-01T21:56:31.927190Z [rsession-r1755190] INFO Set CRAN URL for session to 'https://cran.rstudio.com/' (source: preference defaults)
2023-12-01T21:56:33.987433Z [rsession-r1755190] INFO No admin notifications found at /etc/rstudio/notifications.conf
2023-12-01T21:56:35.575567Z [rsession-r1755190] INFO No keybindings/addins.json found at /etc/rstudio/keybindings/addins.json
2023-12-01T21:56:35.582015Z [rsession-r1755190] INFO No keybindings/rstudio_bindings.json found at /etc/rstudio/keybindings/rstudio_bindings.json
2023-12-01T21:56:35.588198Z [rsession-r1755190] INFO No keybindings/editor_bindings.json found at /etc/rstudio/keybindings/editor_bindings.json
2023-12-01T21:56:45.295062Z [rsession-r1755190] INFO No keybindings/addins.json found at /etc/rstudio/keybindings/addins.json
2023-12-01T21:57:18.383789Z [rsession-r1755190] INFO Lowered CPU priority during suspend
2023-12-01T22:14:44.646306Z [rsession-r1755190] INFO Reading rsession configuration from '/etc/rstudio/rsession.conf'
2023-12-01T22:14:44.725811Z [rsession-r1755190] INFO Set CRAN URL for session to 'https://cran.rstudio.com/' (source: preference defaults)
2023-12-01T22:14:49.292282Z [rsession-r1755190] INFO No admin notifications found at /etc/rstudio/notifications.conf
2023-12-01T22:14:51.011014Z [rsession-r1755190] INFO No keybindings/addins.json found at /etc/rstudio/keybindings/addins.json
2023-12-01T22:14:51.016400Z [rsession-r1755190] INFO No keybindings/editor_bindings.json found at /etc/rstudio/keybindings/editor_bindings.json
2023-12-01T22:14:51.085918Z [rsession-r1755190] INFO No keybindings/rstudio_bindings.json found at /etc/rstudio/keybindings/rstudio_bindings.json
2023-12-01T22:15:19.172837Z [rsession-r1755190] INFO No keybindings/addins.json found at /etc/rstudio/keybindings/addins.json
2023-12-01T22:30:20.039658Z [rsession-r1755190] INFO Lowered CPU priority during suspend
2023-12-02T01:36:54.599342Z [rsession-r1755190] INFO Reading rsession configuration from '/etc/rstudio/rsession.conf'
2023-12-02T01:36:54.747548Z [rsession-r1755190] INFO Set CRAN URL for session to 'https://cran.rstudio.com/' (source: preference defaults)
2023-12-02T01:36:59.445009Z [rsession-r1755190] INFO No admin notifications found at /etc/rstudio/notifications.conf
2023-12-02T01:37:01.008958Z [rsession-r1755190] INFO No keybindings/addins.json found at /etc/rstudio/keybindings/addins.json
2023-12-02T01:37:01.014353Z [rsession-r1755190] INFO No keybindings/rstudio_bindings.json found at /etc/rstudio/keybindings/rstudio_bindings.json
2023-12-02T01:37:01.080442Z [rsession-r1755190] INFO No keybindings/editor_bindings.json found at /etc/rstudio/keybindings/editor_bindings.json
2023-12-02T01:52:06.020008Z [rsession-r1755190] INFO Lowered CPU priority during suspend
2023-12-02T02:06:22.639411Z [rsession-r1755190] INFO Reading rsession configuration from '/etc/rstudio/rsession.conf'
2023-12-02T02:06:22.725262Z [rsession-r1755190] INFO Set CRAN URL for session to 'https://cran.rstudio.com/' (source: preference defaults)
2023-12-02T02:06:27.821906Z [rsession-r1755190] INFO No admin notifications found at /etc/rstudio/notifications.conf
2023-12-02T02:06:29.600504Z [rsession-r1755190] INFO No keybindings/addins.json found at /etc/rstudio/keybindings/addins.json
2023-12-02T02:06:29.610629Z [rsession-r1755190] INFO No keybindings/rstudio_bindings.json found at /etc/rstudio/keybindings/rstudio_bindings.json
2023-12-02T02:06:29.615880Z [rsession-r1755190] INFO No keybindings/editor_bindings.json found at /etc/rstudio/keybindings/editor_bindings.json
2023-12-02T02:21:39.026445Z [rsession-r1755190] INFO Lowered CPU priority during suspend
2023-12-02T03:28:13.138785Z [rsession-r1755190] INFO Reading rsession configuration from '/etc/rstudio/rsession.conf'
2023-12-02T03:28:13.244541Z [rsession-r1755190] INFO Set CRAN URL for session to 'https://cran.rstudio.com/' (source: preference defaults)
2023-12-02T03:28:18.252802Z [rsession-r1755190] INFO No admin notifications found at /etc/rstudio/notifications.conf
2023-12-02T03:28:20.183645Z [rsession-r1755190] INFO No keybindings/addins.json found at /etc/rstudio/keybindings/addins.json
2023-12-02T03:28:20.188965Z [rsession-r1755190] INFO No keybindings/editor_bindings.json found at /etc/rstudio/keybindings/editor_bindings.json
2023-12-02T03:28:20.254568Z [rsession-r1755190] INFO No keybindings/rstudio_bindings.json found at /etc/rstudio/keybindings/rstudio_bindings.json
2023-12-02T03:43:25.008732Z [rsession-r1755190] INFO Lowered CPU priority during suspend
2023-12-02T19:24:43.122134Z [rsession-r1755190] INFO Reading rsession configuration from '/etc/rstudio/rsession.conf'
2023-12-02T19:24:43.203681Z [rsession-r1755190] INFO Set CRAN URL for session to 'https://cran.rstudio.com/' (source: preference defaults)
2023-12-02T19:24:47.986675Z [rsession-r1755190] INFO No admin notifications found at /etc/rstudio/notifications.conf
2023-12-02T19:24:49.709817Z [rsession-r1755190] INFO No keybindings/addins.json found at /etc/rstudio/keybindings/addins.json
2023-12-02T19:24:49.714806Z [rsession-r1755190] INFO No keybindings/editor_bindings.json found at /etc/rstudio/keybindings/editor_bindings.json
2023-12-02T19:24:49.719706Z [rsession-r1755190] INFO No keybindings/rstudio_bindings.json found at /etc/rstudio/keybindings/rstudio_bindings.json
2023-12-02T19:34:16.981759Z [rsession-r1755190] INFO No keybindings/addins.json found at /etc/rstudio/keybindings/addins.json
2023-12-02T19:56:54.021533Z [rsession-r1755190] INFO Lowered CPU priority during suspend
2023-12-02T20:21:06.376435Z [rsession-r1755190] INFO Reading rsession configuration from '/etc/rstudio/rsession.conf'
2023-12-02T20:21:06.460995Z [rsession-r1755190] INFO Set CRAN URL for session to 'https://cran.rstudio.com/' (source: preference defaults)
2023-12-02T20:21:10.747762Z [rsession-r1755190] INFO No admin notifications found at /etc/rstudio/notifications.conf
2023-12-02T20:21:12.419462Z [rsession-r1755190] INFO No keybindings/addins.json found at /etc/rstudio/keybindings/addins.json
2023-12-02T20:21:12.424926Z [rsession-r1755190] INFO No keybindings/rstudio_bindings.json found at /etc/rstudio/keybindings/rstudio_bindings.json
2023-12-02T20:21:12.430071Z [rsession-r1755190] INFO No keybindings/editor_bindings.json found at /etc/rstudio/keybindings/editor_bindings.json
2023-12-02T20:36:22.043097Z [rsession-r1755190] INFO Lowered CPU priority during suspend
2023-12-02T20:50:07.457211Z [rsession-r1755190] INFO Reading rsession configuration from '/etc/rstudio/rsession.conf'
2023-12-02T20:50:07.538934Z [rsession-r1755190] INFO Set CRAN URL for session to 'https://cran.rstudio.com/' (source: preference defaults)
2023-12-02T20:50:12.497007Z [rsession-r1755190] INFO No admin notifications found at /etc/rstudio/notifications.conf
2023-12-02T20:50:14.095810Z [rsession-r1755190] INFO No keybindings/addins.json found at /etc/rstudio/keybindings/addins.json
2023-12-02T20:50:14.101000Z [rsession-r1755190] INFO No keybindings/editor_bindings.json found at /etc/rstudio/keybindings/editor_bindings.json
2023-12-02T20:50:14.171143Z [rsession-r1755190] INFO No keybindings/rstudio_bindings.json found at /etc/rstudio/keybindings/rstudio_bindings.json
2023-12-02T20:52:12.696216Z [rsession-r1755190] ERROR system error 84 (Invalid or incomplete multibyte or wide character) [str: student’s, len: 11, from: UTF-8, to: ISO8859-1]; OCCURRED AT rstudio::core::Error rstudio::r::util::{anonymous}::iconvstrImpl(const string&, const string&, const string&, bool, std::__cxx11::string*) src/cpp/r/RUtil.cpp:268; LOGGED FROM: rstudio::core::Error rstudio::session::modules::spelling::{anonymous}::checkSpelling(const rstudio::core::json::JsonRpcRequest&, rstudio::core::json::JsonRpcResponse*) src/cpp/session/modules/SessionSpelling.cpp:225
2023-12-02T21:12:34.050266Z [rsession-r1755190] INFO Lowered CPU priority during suspend
2023-12-02T22:01:47.024089Z [rsession-r1755190] INFO Reading rsession configuration from '/etc/rstudio/rsession.conf'
2023-12-02T22:01:47.094339Z [rsession-r1755190] INFO Set CRAN URL for session to 'https://cran.rstudio.com/' (source: preference defaults)
2023-12-02T22:01:51.609352Z [rsession-r1755190] INFO No admin notifications found at /etc/rstudio/notifications.conf
2023-12-02T22:01:53.406930Z [rsession-r1755190] INFO No keybindings/addins.json found at /etc/rstudio/keybindings/addins.json
2023-12-02T22:01:53.412413Z [rsession-r1755190] INFO No keybindings/rstudio_bindings.json found at /etc/rstudio/keybindings/rstudio_bindings.json
2023-12-02T22:01:53.417510Z [rsession-r1755190] INFO No keybindings/editor_bindings.json found at /etc/rstudio/keybindings/editor_bindings.json
2023-12-02T22:16:43.434206Z [rsession-r1755190] INFO No keybindings/addins.json found at /etc/rstudio/keybindings/addins.json
2023-12-02T22:17:21.531138Z [rsession-r1755190] ERROR system error 84 (Invalid or incomplete multibyte or wide character) [str: one’s, len: 7, from: UTF-8, to: ISO8859-1]; OCCURRED AT rstudio::core::Error rstudio::r::util::{anonymous}::iconvstrImpl(const string&, const string&, const string&, bool, std::__cxx11::string*) src/cpp/r/RUtil.cpp:268; LOGGED FROM: rstudio::core::Error rstudio::session::modules::spelling::{anonymous}::checkSpelling(const rstudio::core::json::JsonRpcRequest&, rstudio::core::json::JsonRpcResponse*) src/cpp/session/modules/SessionSpelling.cpp:225
2023-12-02T22:17:27.445440Z [rsession-r1755190] INFO No keybindings/addins.json found at /etc/rstudio/keybindings/addins.json
2023-12-02T22:17:39.891079Z [rsession-r1755190] ERROR system error 84 (Invalid or incomplete multibyte or wide character) [str: it’s, len: 6, from: UTF-8, to: ISO8859-1]; OCCURRED AT rstudio::core::Error rstudio::r::util::{anonymous}::iconvstrImpl(const string&, const string&, const string&, bool, std::__cxx11::string*) src/cpp/r/RUtil.cpp:268; LOGGED FROM: rstudio::core::Error rstudio::session::modules::spelling::{anonymous}::checkSpelling(const rstudio::core::json::JsonRpcRequest&, rstudio::core::json::JsonRpcResponse*) src/cpp/session/modules/SessionSpelling.cpp:225
2023-12-02T22:17:51.522041Z [rsession-r1755190] INFO No keybindings/addins.json found at /etc/rstudio/keybindings/addins.json
2023-12-02T22:18:24.341418Z [rsession-r1755190] INFO No keybindings/addins.json found at /etc/rstudio/keybindings/addins.json
2023-12-02T22:34:50.019987Z [rsession-r1755190] INFO Lowered CPU priority during suspend
2023-12-03T04:08:42.470828Z [rsession-r1755190] INFO Reading rsession configuration from '/etc/rstudio/rsession.conf'
2023-12-03T04:08:42.651882Z [rsession-r1755190] INFO Set CRAN URL for session to 'https://cran.rstudio.com/' (source: preference defaults)
2023-12-03T04:08:47.329779Z [rsession-r1755190] INFO No admin notifications found at /etc/rstudio/notifications.conf
2023-12-03T04:08:49.016612Z [rsession-r1755190] INFO No keybindings/addins.json found at /etc/rstudio/keybindings/addins.json
2023-12-03T04:08:49.021973Z [rsession-r1755190] INFO No keybindings/rstudio_bindings.json found at /etc/rstudio/keybindings/rstudio_bindings.json
2023-12-03T04:08:49.027124Z [rsession-r1755190] INFO No keybindings/editor_bindings.json found at /etc/rstudio/keybindings/editor_bindings.json
2023-12-03T04:09:02.474505Z [rsession-r1755190] ERROR system error 84 (Invalid or incomplete multibyte or wide character) [str: one’s, len: 7, from: UTF-8, to: ISO8859-1]; OCCURRED AT rstudio::core::Error rstudio::r::util::{anonymous}::iconvstrImpl(const string&, const string&, const string&, bool, std::__cxx11::string*) src/cpp/r/RUtil.cpp:268; LOGGED FROM: rstudio::core::Error rstudio::session::modules::spelling::{anonymous}::checkSpelling(const rstudio::core::json::JsonRpcRequest&, rstudio::core::json::JsonRpcResponse*) src/cpp/session/modules/SessionSpelling.cpp:225
2023-12-03T04:26:21.056934Z [rsession-r1755190] INFO Lowered CPU priority during suspend
2023-12-03T04:38:15.448822Z [rsession-r1755190] INFO Reading rsession configuration from '/etc/rstudio/rsession.conf'
2023-12-03T04:38:15.510060Z [rsession-r1755190] INFO Set CRAN URL for session to 'https://cran.rstudio.com/' (source: preference defaults)
2023-12-03T04:38:19.972716Z [rsession-r1755190] INFO No admin notifications found at /etc/rstudio/notifications.conf
2023-12-03T04:38:21.695075Z [rsession-r1755190] INFO No keybindings/addins.json found at /etc/rstudio/keybindings/addins.json
2023-12-03T04:38:21.700339Z [rsession-r1755190] INFO No keybindings/rstudio_bindings.json found at /etc/rstudio/keybindings/rstudio_bindings.json
2023-12-03T04:38:21.705433Z [rsession-r1755190] INFO No keybindings/editor_bindings.json found at /etc/rstudio/keybindings/editor_bindings.json
2023-12-03T04:38:23.125376Z [rsession-r1755190] ERROR system error 84 (Invalid or incomplete multibyte or wide character) [str: one’s, len: 7, from: UTF-8, to: ISO8859-1]; OCCURRED AT rstudio::core::Error rstudio::r::util::{anonymous}::iconvstrImpl(const string&, const string&, const string&, bool, std::__cxx11::string*) src/cpp/r/RUtil.cpp:268; LOGGED FROM: rstudio::core::Error rstudio::session::modules::spelling::{anonymous}::checkSpelling(const rstudio::core::json::JsonRpcRequest&, rstudio::core::json::JsonRpcResponse*) src/cpp/session/modules/SessionSpelling.cpp:225
